<?xml version="1.0" encoding="UTF-8"?>
<!-- Generated by org.testng.reporters.JUnitReportReporter -->
<testsuite hostname="ZIL1311" failures="0" tests="1" name="stpinfotech.EcommBizness.TestNGTestCase" time="2.610" errors="0" timestamp="2023-01-25T21:37:14 IST" skipped="0">
  <testcase classname="stpinfotech.EcommBizness.TestNGTestCase" name="runTest" time="2.610"/>
  <system-out/>
</testsuite> <!-- stpinfotech.EcommBizness.TestNGTestCase -->
