<?xml version="1.0" encoding="UTF-8"?>
<!-- Generated by org.testng.reporters.JUnitReportReporter -->
<testsuite hostname="ZIL1311" failures="0" tests="4" name="ecomm.testcases.TestHomePage" time="19.991" errors="0" timestamp="2023-02-04T08:46:49 IST" skipped="0">
  <testcase classname="ecomm.testcases.TestHomePage" name="testSignInLink" time="4.944"/>
  <system-out/>
  <testcase classname="ecomm.testcases.TestHomePage" name="testLogo" time="4.010"/>
  <system-out/>
  <testcase classname="ecomm.testcases.TestHomePage" name="testCreateAccountLink" time="7.129"/>
  <system-out/>
  <testcase classname="ecomm.testcases.TestHomePage" name="testPageTitle" time="3.908"/>
  <system-out/>
</testsuite> <!-- ecomm.testcases.TestHomePage -->
