<?xml version="1.0" encoding="UTF-8"?>
<!-- Generated by org.testng.reporters.JUnitReportReporter -->
<testsuite hostname="ZIL1311" failures="0" tests="2" name="ecomm.testcases.TestLoginPage" time="15.584" errors="0" timestamp="2023-02-04T08:40:19 IST" skipped="0">
  <testcase classname="ecomm.testcases.TestLoginPage" name="testPageTitle" time="6.410"/>
  <system-out/>
  <testcase classname="ecomm.testcases.TestLoginPage" name="testCustomerLogin" time="9.174"/>
  <system-out/>
</testsuite> <!-- ecomm.testcases.TestLoginPage -->
