<?xml version="1.0" encoding="UTF-8"?>
<!-- Generated by org.testng.reporters.JUnitReportReporter -->
<testsuite hostname="ZIL1311" failures="0" tests="1" name="stpinfotech.EcommBizness.AppTest" time="0.009" errors="0" timestamp="2023-01-25T21:32:39 IST" skipped="0">
  <testcase classname="stpinfotech.EcommBizness.AppTest" name="shouldAnswerWithTrue" time="0.009"/>
  <system-out/>
</testsuite> <!-- stpinfotech.EcommBizness.AppTest -->
