<?xml version="1.0" encoding="UTF-8"?>
<!-- Generated by org.testng.reporters.JUnitReportReporter -->
<testsuite hostname="ZIL1311" failures="0" tests="1" name="ecomm.testcases.TestCreateAccountPage" time="5.829" errors="0" timestamp="2023-02-04T08:13:31 IST" skipped="0">
  <testcase classname="ecomm.testcases.TestCreateAccountPage" name="testCreateAccount" time="5.829"/>
  <system-out/>
</testsuite> <!-- ecomm.testcases.TestCreateAccountPage -->
